<?xml version="1.0" encoding="UTF-8"?>
<testsuite xmlns:xsi="http://www.w3.org/2001/XMLSchema-instance" xsi:noNamespaceSchemaLocation="https://maven.apache.org/surefire/maven-surefire-plugin/xsd/surefire-test-report-3.0.xsd" version="3.0" name="tienda.demo.TiendaNicoleChavesApplicationTests" time="4.467" tests="1" errors="0" skipped="0" failures="0">
  <properties>
[...]
</properties>
  <testcase name="contextLoads" classname="tienda.demo.TiendaNicoleChavesApplicationTests" time="1.141">
    <system-out><![CDATA[14:35:00.256 [main] INFO org.springframework.test.context.support.AnnotationConfigContextLoaderUtils -- Could not detect default configuration classes for test class [tienda.demo.TiendaNicoleChavesApplicationTests]: TiendaNicoleChavesApplicationTests does not declare any static, non-private, non-final, nested classes annotated with @Configuration.
14:35:00.395 [main] INFO org.springframework.boot.test.context.SpringBootTestContextBootstrapper -- Found @SpringBootConfiguration tienda.demo.TiendaNicoleChavesApplication for test class tienda.demo.TiendaNicoleChavesApplicationTests

  .   ____          _            __ _ _
 /\\ / ___'_ __ _ _(_)_ __  __ _ \ \ \ \
( ( )\___ | '_ | '_| | '_ \/ _` | \ \ \ \
 \\/  ___)| |_)| | | | | || (_| |  ) ) ) )
  '  |____| .__|_| |_|_| |_\__, | / / / /
 =========|_|==============|___/=/_/_/_/
 :: Spring Boot ::                (v3.1.3)

2024-02-07T14:35:00.969-06:00  INFO 31013 --- [           main] t.d.TiendaNicoleChavesApplicationTests   : Starting TiendaNicoleChavesApplicationTests using Java 21.0.1 with PID 31013 (started by Henry in /Users/Henry/NetBeansProjects/tienda_NicoleChaves)
2024-02-07T14:35:00.972-06:00  INFO 31013 --- [           main] t.d.TiendaNicoleChavesApplicationTests   : No active profile set, falling back to 1 default profile: "default"
2024-02-07T14:35:02.813-06:00  INFO 31013 --- [           main] o.s.b.a.w.s.WelcomePageHandlerMapping    : Adding welcome page: class path resource [static/index.html]
2024-02-07T14:35:02.955-06:00  WARN 31013 --- [           main] ion$DefaultTemplateResolverConfiguration : Cannot find template location: classpath:/templates/ (please add some templates, check your Thymeleaf configuration, or set spring.thymeleaf.check-template-location=false)
2024-02-07T14:35:03.065-06:00  INFO 31013 --- [           main] t.d.TiendaNicoleChavesApplicationTests   : Started TiendaNicoleChavesApplicationTests in 2.506 seconds (process running for 4.097)
]]></system-out>
    <system-err><![CDATA[WARNING: A Java agent has been loaded dynamically (/Users/Henry/.m2/repository/net/bytebuddy/byte-buddy-agent/1.14.6/byte-buddy-agent-1.14.6.jar)
WARNING: If a serviceability tool is in use, please run with -XX:+EnableDynamicAgentLoading to hide this warning
WARNING: If a serviceability tool is not in use, please run with -Djdk.instrument.traceUsage for more information
WARNING: Dynamic loading of agents will be disallowed by default in a future release
]]></system-err>
  </testcase>
</testsuite>